{"status": "broken", "name": "Make a spin", "labels": [{"name": "severity", "value": "normal"}, {"name": "feature", "value": "Triple Monkey spin test"}, {"name": "framework", "value": "behave"}, {"name": "language", "value": "cpython2"}], "stop": 1534436164613, "historyId": "1ea51103219094a60138b4908c87062e", "start": 1534436118294, "steps": [{"status": "passed", "start": 1534436118297, "stop": 1534436119060, "name": "Given the user opens Triple Monkey"}, {"status": "passed", "start": 1534436119061, "stop": 1534436163895, "name": "When user press Play button"}, {"status": "passed", "start": 1534436163896, "stop": 1534436164393, "name": "Then user get start balance"}, {"status": "broken", "start": 1534436164393, "stop": 1534436164611, "name": "Then user get total bet", "statusDetails": {"message": "WebDriverException: Message: unknown error: c_totalbetLabel is not defined\n  (Session info: chrome=68.0.3440.106)\n  (Driver info: chromedriver=2.41.578737 (49da6702b16031c40d63e5618de03a32ff6c197e),platform=Windows NT 10.0.15063 x86_64)\n\n", "trace": "  File \"c:\\python27\\lib\\site-packages\\behave\\model.py\", line 1329, in run\n    match.run(runner.context)\n  File \"c:\\python27\\lib\\site-packages\\behave\\matchers.py\", line 98, in run\n    self.func(context, *args, **kwargs)\n  File \"features\\steps\\triple_monkey_steps.py\", line 41, in step_impl\n    context.total_bet = context.webdriver.execute_script(\"return c_totalbetLabel.text\")[1:]\n  File \"c:\\python27\\lib\\site-packages\\selenium\\webdriver\\remote\\webdriver.py\", line 635, in execute_script\n    'args': converted_args})['value']\n  File \"c:\\python27\\lib\\site-packages\\selenium\\webdriver\\remote\\webdriver.py\", line 320, in execute\n    self.error_handler.check_response(response)\n  File \"c:\\python27\\lib\\site-packages\\selenium\\webdriver\\remote\\errorhandler.py\", line 242, in check_response\n    raise exception_class(message, screen, stacktrace)\n"}}, {"status": "skipped", "start": 1534436164612, "stop": 1534436164612, "name": "Then user send cheat"}, {"status": "skipped", "start": 1534436164612, "stop": 1534436164612, "name": "Then user press Spin button"}, {"status": "skipped", "start": 1534436164612, "stop": 1534436164612, "name": "Then user send cheat"}, {"status": "skipped", "start": 1534436164612, "stop": 1534436164612, "name": "Then user press Spin button"}, {"status": "skipped", "start": 1534436164612, "stop": 1534436164612, "name": "Then user get end balance"}, {"status": "skipped", "start": 1534436164612, "stop": 1534436164612, "name": "Then user compares start and end balance"}], "statusDetails": {"message": "WebDriverException: Message: unknown error: c_totalbetLabel is not defined\n  (Session info: chrome=68.0.3440.106)\n  (Driver info: chromedriver=2.41.578737 (49da6702b16031c40d63e5618de03a32ff6c197e),platform=Windows NT 10.0.15063 x86_64)\n\n", "trace": "  File \"c:\\python27\\lib\\site-packages\\behave\\model.py\", line 1329, in run\n    match.run(runner.context)\n  File \"c:\\python27\\lib\\site-packages\\behave\\matchers.py\", line 98, in run\n    self.func(context, *args, **kwargs)\n  File \"features\\steps\\triple_monkey_steps.py\", line 41, in step_impl\n    context.total_bet = context.webdriver.execute_script(\"return c_totalbetLabel.text\")[1:]\n  File \"c:\\python27\\lib\\site-packages\\selenium\\webdriver\\remote\\webdriver.py\", line 635, in execute_script\n    'args': converted_args})['value']\n  File \"c:\\python27\\lib\\site-packages\\selenium\\webdriver\\remote\\webdriver.py\", line 320, in execute\n    self.error_handler.check_response(response)\n  File \"c:\\python27\\lib\\site-packages\\selenium\\webdriver\\remote\\errorhandler.py\", line 242, in check_response\n    raise exception_class(message, screen, stacktrace)\n"}, "uuid": "22baff0d-ec49-40e2-8fb6-dffce80579b2"}